app/build/intermediates/manifest_merge_blame_file/debug/manifest-merger-blame-debug-report.txt
1<?xml version="1.0" encoding="utf-8"?>
2<manifest xmlns:android="http://schemas.android.com/apk/res/android"
3    package="com.example.reifenwechselapp"
4    android:versionCode="1"
5    android:versionName="1.0" >
6
7    <uses-sdk
8        android:minSdkVersion="23"
8-->src/main/AndroidManifest.xml
9        android:targetSdkVersion="30" />
9-->src/main/AndroidManifest.xml
10
11    <!-- Although the *SdkVersion is captured in gradle build files, this is required for non gradle builds -->
12    <!-- <uses-sdk android:minSdkVersion="14"/> -->
13    <uses-permission android:name="android.permission.ACCESS_NETWORK_STATE" />
13-->[com.google.firebase:firebase-database:19.2.1] AndroidManifest.xml:25:5-79
13-->[com.google.firebase:firebase-database:19.2.1] AndroidManifest.xml:25:22-76
14    <uses-permission android:name="android.permission.INTERNET" />
14-->[com.google.firebase:firebase-database:19.2.1] AndroidManifest.xml:26:5-67
14-->[com.google.firebase:firebase-database:19.2.1] AndroidManifest.xml:26:22-64
15
16    <application
16-->src/main/AndroidManifest.xml:6:5-23:19
17        android:allowBackup="true"
17-->src/main/AndroidManifest.xml:7:9-35
18        android:appComponentFactory="androidx.core.app.CoreComponentFactory"
18-->[androidx.core:core:1.3.1] AndroidManifest.xml:24:18-86
19        android:debuggable="true"
20        android:extractNativeLibs="false"
21        android:icon="@mipmap/ic_launcher"
21-->src/main/AndroidManifest.xml:8:9-43
22        android:label="@string/app_name"
22-->src/main/AndroidManifest.xml:9:9-41
23        android:roundIcon="@mipmap/ic_launcher_round"
23-->src/main/AndroidManifest.xml:10:9-54
24        android:supportsRtl="true"
24-->src/main/AndroidManifest.xml:11:9-35
25        android:testOnly="true"
26        android:theme="@style/Theme.ReifenwechselApp" >
26-->src/main/AndroidManifest.xml:12:9-54
27        <activity android:name="com.example.reifenwechselapp.RegisterUser" />
27-->src/main/AndroidManifest.xml:13:9-59
27-->src/main/AndroidManifest.xml:13:19-47
28        <activity android:name="com.example.reifenwechselapp.TerminBuchenKalender" />
28-->src/main/AndroidManifest.xml:14:9-58
28-->src/main/AndroidManifest.xml:14:19-55
29        <activity android:name="com.example.reifenwechselapp.MainActivity" >
29-->src/main/AndroidManifest.xml:15:9-21:20
29-->src/main/AndroidManifest.xml:15:19-47
30            <intent-filter>
30-->src/main/AndroidManifest.xml:16:13-20:29
31                <action android:name="android.intent.action.MAIN" />
31-->src/main/AndroidManifest.xml:17:17-69
31-->src/main/AndroidManifest.xml:17:25-66
32
33                <category android:name="android.intent.category.LAUNCHER" />
33-->src/main/AndroidManifest.xml:19:17-77
33-->src/main/AndroidManifest.xml:19:27-74
34            </intent-filter>
35        </activity>
36
37        <service
37-->[com.google.firebase:firebase-database:19.2.1] AndroidManifest.xml:29:9-35:19
38            android:name="com.google.firebase.components.ComponentDiscoveryService"
38-->[com.google.firebase:firebase-database:19.2.1] AndroidManifest.xml:30:13-84
39            android:directBootAware="true"
39-->[com.google.firebase:firebase-common:19.3.0] AndroidManifest.xml:34:13-43
40            android:exported="false" >
40-->[com.google.firebase:firebase-database:19.2.1] AndroidManifest.xml:31:13-37
41            <meta-data
41-->[com.google.firebase:firebase-database:19.2.1] AndroidManifest.xml:32:13-34:85
42                android:name="com.google.firebase.components:com.google.firebase.database.DatabaseRegistrar"
42-->[com.google.firebase:firebase-database:19.2.1] AndroidManifest.xml:33:17-109
43                android:value="com.google.firebase.components.ComponentRegistrar" />
43-->[com.google.firebase:firebase-database:19.2.1] AndroidManifest.xml:34:17-82
44        </service>
45
46        <activity
46-->[com.google.android.gms:play-services-base:17.0.0] AndroidManifest.xml:23:9-26:75
47            android:name="com.google.android.gms.common.api.GoogleApiActivity"
47-->[com.google.android.gms:play-services-base:17.0.0] AndroidManifest.xml:24:13-79
48            android:exported="false"
48-->[com.google.android.gms:play-services-base:17.0.0] AndroidManifest.xml:25:13-37
49            android:theme="@android:style/Theme.Translucent.NoTitleBar" />
49-->[com.google.android.gms:play-services-base:17.0.0] AndroidManifest.xml:26:13-72
50
51        <provider
51-->[com.google.firebase:firebase-common:19.3.0] AndroidManifest.xml:26:9-30:39
52            android:name="com.google.firebase.provider.FirebaseInitProvider"
52-->[com.google.firebase:firebase-common:19.3.0] AndroidManifest.xml:27:13-77
53            android:authorities="com.example.reifenwechselapp.firebaseinitprovider"
53-->[com.google.firebase:firebase-common:19.3.0] AndroidManifest.xml:28:13-72
54            android:exported="false"
54-->[com.google.firebase:firebase-common:19.3.0] AndroidManifest.xml:29:13-37
55            android:initOrder="100" />
55-->[com.google.firebase:firebase-common:19.3.0] AndroidManifest.xml:30:13-36
56
57        <meta-data
57-->[com.google.android.gms:play-services-basement:17.0.0] AndroidManifest.xml:23:9-25:69
58            android:name="com.google.android.gms.version"
58-->[com.google.android.gms:play-services-basement:17.0.0] AndroidManifest.xml:24:13-58
59            android:value="@integer/google_play_services_version" />
59-->[com.google.android.gms:play-services-basement:17.0.0] AndroidManifest.xml:25:13-66
60    </application>
61
62</manifest>